Сборка начата 24.12.2025 00:30:41.
Уровень детализации журнала: Normal.     1>Проект "G:\1 сем опи\12 лаба\OPI_project_marks_counter\Lab_12\Lab_12.vcxproj" в узле 2 (целевые объекты Build).
     1>PrepareForBuild:
         Структурированный вывод включен. Форматирование диагностики компилятора будет отражать иерархию ошибок. Подробнее см. https://aka.ms/cpp/structured-output.
       InitializeBuildStatus:
         Создание "Lab_12\x64\Debug\Lab_12.tlog\unsuccessfulbuild", так как было задано "AlwaysCreate".
         Обращение к "Lab_12\x64\Debug\Lab_12.tlog\unsuccessfulbuild".
       ClCompile:
         C:\Program Files\Microsoft Visual Studio\2022\Community\VC\Tools\MSVC\14.44.35207\bin\HostX64\x64\CL.exe /c /ZI /JMC /nologo /W3 /WX- /diagnostics:column /sdl /Od /D _DEBUG /D _CONSOLE /D _UNICODE /D UNICODE /Gm- /EHsc /RTC1 /MDd /GS /fp:precise /Zc:wchar_t /Zc:forScope /Zc:inline /permissive- /Fo"Lab_12\x64\Debug\\" /Fd"Lab_12\x64\Debug\vc143.pdb" /external:W3 /Gd /TP /FC /errorReport:prompt main.cpp
         main.cpp
       Link:
         C:\Program Files\Microsoft Visual Studio\2022\Community\VC\Tools\MSVC\14.44.35207\bin\HostX64\x64\link.exe /ERRORREPORT:PROMPT /OUT:"G:\1 сем опи\12 лаба\OPI_project_marks_counter\Lab_12\x64\Debug\Lab_12.exe" /INCREMENTAL /ILK:"Lab_12\x64\Debug\Lab_12.ilk" /NOLOGO kernel32.lib user32.lib gdi32.lib winspool.lib comdlg32.lib advapi32.lib shell32.lib ole32.lib oleaut32.lib uuid.lib odbc32.lib odbccp32.lib /MANIFEST /MANIFESTUAC:"level='asInvoker' uiAccess='false'" /manifest:embed /DEBUG /PDB:"G:\1 сем опи\12 лаба\OPI_project_marks_counter\Lab_12\x64\Debug\Lab_12.pdb" /SUBSYSTEM:CONSOLE /TLBID:1 /DYNAMICBASE /NXCOMPAT /IMPLIB:"G:\1 сем опи\12 лаба\OPI_project_marks_counter\Lab_12\x64\Debug\Lab_12.lib" /MACHINE:X64 Lab_12\x64\Debug\main.obj
         Lab_12.vcxproj -> G:\1 сем опи\12 лаба\OPI_project_marks_counter\Lab_12\x64\Debug\Lab_12.exe
       FinalizeBuildStatus:
         Файл "Lab_12\x64\Debug\Lab_12.tlog\unsuccessfulbuild" удаляется.
         Обращение к "Lab_12\x64\Debug\Lab_12.tlog\Lab_12.lastbuildstate".
     1>Сборка проекта "G:\1 сем опи\12 лаба\OPI_project_marks_counter\Lab_12\Lab_12.vcxproj" завершена (целевые объекты Build).

Сборка успешно завершена.
    Предупреждений: 0
    Ошибок: 0

Прошло времени 00:00:01.65
